11/01/2022 8:24:14 pm	This log contains information about the import schema operation into project 'KOFDB' on computer 'DESKTOP-QOEUILM' by user 'ASUS'.
11/01/2022 8:24:14 pm	Import of database schema has started.
11/01/2022 8:24:22 pm	Gathering database credentials
11/01/2022 8:24:22 pm	Gathering database options
11/01/2022 8:24:22 pm	Gathering generic database scoped configuration option
11/01/2022 8:24:22 pm	Gathering users
11/01/2022 8:24:22 pm	Gathering roles
11/01/2022 8:24:22 pm	Gathering application roles
11/01/2022 8:24:22 pm	Gathering role memberships
11/01/2022 8:24:22 pm	Gathering filegroups
11/01/2022 8:24:22 pm	Gathering full-text catalogs
11/01/2022 8:24:22 pm	Gathering assemblies
11/01/2022 8:24:22 pm	Gathering certificates
11/01/2022 8:24:22 pm	Gathering asymmetric keys
11/01/2022 8:24:22 pm	Gathering symmetric keys
11/01/2022 8:24:22 pm	Gathering encrypted symmetric keys
11/01/2022 8:24:22 pm	Gathering schemas
11/01/2022 8:24:22 pm	Gathering XML schema collections
11/01/2022 8:24:22 pm	Gathering user-defined data types
11/01/2022 8:24:22 pm	Gathering user-defined types
11/01/2022 8:24:22 pm	Gathering table types
11/01/2022 8:24:22 pm	Gathering unique keys for table types
11/01/2022 8:24:22 pm	Gathering primary keys for table types
11/01/2022 8:24:22 pm	Gathering indexes for table types
11/01/2022 8:24:22 pm	Gathering check constraints for table types
11/01/2022 8:24:22 pm	Gathering default constraints for table types
11/01/2022 8:24:22 pm	Gathering partition functions
11/01/2022 8:24:22 pm	Gathering partition schemes
11/01/2022 8:24:22 pm	Gathering functions
11/01/2022 8:24:22 pm	Gathering encrypted functions
11/01/2022 8:24:22 pm	Gathering aggregates
11/01/2022 8:24:22 pm	Gathering procedures
11/01/2022 8:24:22 pm	Gathering encrypted procedures
11/01/2022 8:24:22 pm	Gathering tables
11/01/2022 8:24:22 pm	Gathering primary keys
11/01/2022 8:24:22 pm	Gathering unique constraints
11/01/2022 8:24:22 pm	Gathering foreign keys
11/01/2022 8:24:22 pm	Gathering default constraints
11/01/2022 8:24:22 pm	Gathering check constraints
11/01/2022 8:24:22 pm	Gathering views
11/01/2022 8:24:22 pm	Gathering encrypted views
11/01/2022 8:24:22 pm	Gathering indexes
11/01/2022 8:24:22 pm	Gathering statistics
11/01/2022 8:24:22 pm	Gathering full-text index stoplists
11/01/2022 8:24:22 pm	Gathering search property lists
11/01/2022 8:24:22 pm	Gathering search properties
11/01/2022 8:24:22 pm	Gathering full-text indexes
11/01/2022 8:24:22 pm	Gathering column store indexes
11/01/2022 8:24:22 pm	Gathering spatial indexes
11/01/2022 8:24:22 pm	Gathering XML indexes
11/01/2022 8:24:22 pm	Gathering Selective XML indexes
11/01/2022 8:24:22 pm	Gathering encrypted triggers
11/01/2022 8:24:22 pm	Gathering triggers
11/01/2022 8:24:22 pm	Gathering encrypted and clr ddl triggers
11/01/2022 8:24:22 pm	Gathering ddl triggers
11/01/2022 8:24:22 pm	Creating edge constraints
11/01/2022 8:24:22 pm	Gathering synonyms
11/01/2022 8:24:22 pm	Gathering defaults
11/01/2022 8:24:22 pm	Gathering data constraint uddt bindings
11/01/2022 8:24:22 pm	Gathering rules
11/01/2022 8:24:22 pm	Gathering data constraint uddt bindings
11/01/2022 8:24:22 pm	Gathering message types
11/01/2022 8:24:22 pm	Gathering queues
11/01/2022 8:24:22 pm	Gathering contracts
11/01/2022 8:24:22 pm	Gathering services
11/01/2022 8:24:22 pm	Gathering event notifications
11/01/2022 8:24:22 pm	Gathering remote service bindings
11/01/2022 8:24:22 pm	Gathering broker priorities
11/01/2022 8:24:22 pm	Gathering signatures
11/01/2022 8:24:22 pm	Gathering data compression options
11/01/2022 8:24:22 pm	Gathering sequence types
11/01/2022 8:24:22 pm	Gathering security policies
11/01/2022 8:24:22 pm	Gather column encryption keys
11/01/2022 8:24:22 pm	Gathering column master keys
11/01/2022 8:24:22 pm	Gathering external data sources
11/01/2022 8:24:22 pm	Gathering external file formats
11/01/2022 8:24:22 pm	Gathering external tables
11/01/2022 8:24:22 pm	Gathering extended properties
11/01/2022 8:24:22 pm	Gathering credentials
11/01/2022 8:24:22 pm	Gathering logins
11/01/2022 8:24:22 pm	Gathering server audits
11/01/2022 8:24:23 pm	Finished importing database.
11/01/2022 8:24:23 pm	A summary of the import was saved to the following location: C:\Users\ASUS\source\repos\KOFDB\Import Schema Logs\KOFDB_20220111032414.log
11/01/2022 8:24:23 pm	Click Finish to continue...
